#
# There is insufficient memory for the Java Runtime Environment to continue.
# Native memory allocation (malloc) failed to allocate 1048576 bytes for AllocateHeap
# Possible reasons:
#   The system is out of physical RAM or swap space
#   The process is running with CompressedOops enabled, and the Java Heap may be blocking the growth of the native heap
# Possible solutions:
#   Reduce memory load on the system
#   Increase physical memory or swap space
#   Check if swap backing store is full
#   Decrease Java heap size (-Xmx/-Xms)
#   Decrease number of Java threads
#   Decrease Java thread stack sizes (-Xss)
#   Set larger code cache with -XX:ReservedCodeCacheSize=
#   JVM is running with Unscaled Compressed Oops mode in which the Java heap is
#     placed in the first 4GB address space. The Java Heap base address is the
#     maximum limit for the native heap growth. Please use -XX:HeapBaseMinAddress
#     to set the Java Heap base and to place the Java Heap above 4GB virtual address.
# This output file may be truncated or incomplete.
#
#  Out of Memory Error (memory/allocation.inline.hpp:61), pid=2584, tid=0x0000000000001d38
#
# JRE version:  (8.0_211-b12) (build )
# Java VM: Java HotSpot(TM) 64-Bit Server VM (25.211-b12 mixed mode windows-amd64 compressed oops)
# Failed to write core dump. Minidumps are not enabled by default on client versions of Windows
#

---------------  T H R E A D  ---------------

Current thread (0x0000000002d6e000):  JavaThread "Unknown thread" [_thread_in_vm, id=7480, stack(0x0000000002be0000,0x0000000002ce0000)]

Stack: [0x0000000002be0000,0x0000000002ce0000]
[error occurred during error reporting (printing stack bounds), id 0xc0000005]

Native frames: (J=compiled Java code, j=interpreted, Vv=VM code, C=native code)


---------------  P R O C E S S  ---------------

Java Threads: ( => current thread )

Other Threads:

=>0x0000000002d6e000 (exited) JavaThread "Unknown thread" [_thread_in_vm, id=7480, stack(0x0000000002be0000,0x0000000002ce0000)]

VM state:not at safepoint (normal execution)

VM Mutex/Monitor currently owned by a thread: None

heap address: 0x0000000081e00000, size: 2018 MB, Compressed Oops mode: 32-bit
Narrow klass base: 0x0000000000000000, Narrow klass shift: 3
Compressed class space size: 1073741824 Address: 0x0000000100000000

Heap:
 PSYoungGen      total 38400K, used 665K [0x00000000d5f80000, 0x00000000d8a00000, 0x0000000100000000)
  eden space 33280K, 2% used [0x00000000d5f80000,0x00000000d6026670,0x00000000d8000000)
  from space 5120K, 0% used [0x00000000d8500000,0x00000000d8500000,0x00000000d8a00000)
  to   space 5120K, 0% used [0x00000000d8000000,0x00000000d8000000,0x00000000d8500000)
 ParOldGen       total 87552K, used 0K [0x0000000081e00000, 0x0000000087380000, 0x00000000d5f80000)
  object space 87552K, 0% used [0x0000000081e00000,0x0000000081e00000,0x0000000087380000)
 Metaspace       used 751K, capacity 4480K, committed 4480K, reserved 1056768K
  class space    used 76K, capacity 384K, committed 384K, reserved 1048576K

Card table byte_map: [0x0000000012230000,0x0000000012630000] byte_map_base: 0x0000000011e21000

Marking Bits: (ParMarkBitMap*) 0x0000000064e75ce0
 Begin Bits: [0x0000000012ce0000, 0x0000000014c68000)
 End Bits:   [0x0000000014c68000, 0x0000000016bf0000)

Polling page: 0x00000000010d0000

CodeCache: size=245760Kb used=328Kb max_used=328Kb free=245431Kb
 bounds [0x0000000002e70000, 0x00000000030e0000, 0x0000000011e70000]
 total_blobs=58 nmethods=0 adapters=38
 compilation: enabled

Compilation events (0 events):
No events

GC Heap History (0 events):
No events

Deoptimization events (0 events):
No events

Classes redefined (0 events):
No events

Internal exceptions (0 events):
No events

Events (10 events):
Event: 0.019 loading class java/lang/Short
Event: 0.019 loading class java/lang/Short done
Event: 0.019 loading class java/lang/Integer
Event: 0.019 loading class java/lang/Integer done
Event: 0.019 loading class java/lang/Long
Event: 0.019 loading class java/lang/Long done
Event: 0.020 loading class java/lang/NullPointerException
Event: 0.020 loading class java/lang/NullPointerException done
Event: 0.020 loading class java/lang/ArithmeticException
Event: 0.020 loading class java/lang/ArithmeticException done


Dynamic libraries:
0x00007ff74c050000 - 0x00007ff74c087000 	C:\Program Files\Java\jre1.8.0_211\bin\javaw.exe
0x00007fff74b90000 - 0x00007fff74d7d000 	C:\WINDOWS\SYSTEM32\ntdll.dll
0x00007fff72e50000 - 0x00007fff72f03000 	C:\WINDOWS\System32\KERNEL32.DLL
0x00007fff71080000 - 0x00007fff71313000 	C:\WINDOWS\System32\KERNELBASE.dll
0x00007fff74ab0000 - 0x00007fff74b53000 	C:\WINDOWS\System32\ADVAPI32.dll
0x00007fff71e40000 - 0x00007fff71ede000 	C:\WINDOWS\System32\msvcrt.dll
0x00007fff721a0000 - 0x00007fff7223e000 	C:\WINDOWS\System32\sechost.dll
0x00007fff72f10000 - 0x00007fff73032000 	C:\WINDOWS\System32\RPCRT4.dll
0x00007fff74910000 - 0x00007fff74aa7000 	C:\WINDOWS\System32\USER32.dll
0x00007fff71420000 - 0x00007fff71440000 	C:\WINDOWS\System32\win32u.dll
0x00007fff72cb0000 - 0x00007fff72cd9000 	C:\WINDOWS\System32\GDI32.dll
0x00007fff714f0000 - 0x00007fff7168a000 	C:\WINDOWS\System32\gdi32full.dll
0x00007fff70fe0000 - 0x00007fff71080000 	C:\WINDOWS\System32\msvcp_win.dll
0x00007fff71320000 - 0x00007fff7141a000 	C:\WINDOWS\System32\ucrtbase.dll
0x00007fff66a30000 - 0x00007fff66ca9000 	C:\WINDOWS\WinSxS\amd64_microsoft.windows.common-controls_6595b64144ccf1df_6.0.17763.557_none_05b63f68071e5b9f\COMCTL32.dll
0x00007fff74530000 - 0x00007fff7485c000 	C:\WINDOWS\System32\combase.dll
0x00007fff70f60000 - 0x00007fff70fde000 	C:\WINDOWS\System32\bcryptPrimitives.dll
0x00007fff72cf0000 - 0x00007fff72d1e000 	C:\WINDOWS\System32\IMM32.DLL
0x0000000064470000 - 0x0000000064542000 	C:\Program Files\Java\jre1.8.0_211\bin\msvcr100.dll
0x0000000064650000 - 0x0000000064ef5000 	C:\Program Files\Java\jre1.8.0_211\bin\server\jvm.dll
0x00007fff72ce0000 - 0x00007fff72ce8000 	C:\WINDOWS\System32\PSAPI.DLL
0x00007fff6d810000 - 0x00007fff6d819000 	C:\WINDOWS\SYSTEM32\WSOCK32.dll
0x00007fff6e670000 - 0x00007fff6e694000 	C:\WINDOWS\SYSTEM32\WINMM.dll
0x00007fff6ba20000 - 0x00007fff6ba2a000 	C:\WINDOWS\SYSTEM32\VERSION.dll
0x00007fff72c40000 - 0x00007fff72cad000 	C:\WINDOWS\System32\WS2_32.dll
0x00007fff6e070000 - 0x00007fff6e09d000 	C:\WINDOWS\SYSTEM32\WINMMBASE.dll
0x00007fff70f10000 - 0x00007fff70f5a000 	C:\WINDOWS\System32\cfgmgr32.dll
0x00007fff68170000 - 0x00007fff6817f000 	C:\Program Files\Java\jre1.8.0_211\bin\verify.dll
0x00007fff57810000 - 0x00007fff57839000 	C:\Program Files\Java\jre1.8.0_211\bin\java.dll
0x00007fff55830000 - 0x00007fff55846000 	C:\Program Files\Java\jre1.8.0_211\bin\zip.dll

VM Arguments:
jvm_args: -Dfile.encoding=Cp1252 
java_command: com.majority.executaveis.Index
java_class_path (initial): C:\git\TesteComHibernate\Mercado\bin;C:\git\TesteComHibernate\Mercado\lib\antlr-2.7.7.jar;C:\git\TesteComHibernate\Mercado\lib\dom4j-1.6.1.jar;C:\git\TesteComHibernate\Mercado\lib\hibernate-commons-annotations-4.0.1.Final.jar;C:\git\TesteComHibernate\Mercado\lib\hibernate-core-4.1.9.Final.jar;C:\git\TesteComHibernate\Mercado\lib\hibernate-entitymanager-4.1.9.Final.jar;C:\git\TesteComHibernate\Mercado\lib\hibernate-jpa-2.0-api-1.0.1.Final.jar;C:\git\TesteComHibernate\Mercado\lib\hsqldb.jar;C:\git\TesteComHibernate\Mercado\lib\javassist-3.17.1-GA.jar;C:\git\TesteComHibernate\Mercado\lib\jboss-logging-3.1.0.GA.jar;C:\git\TesteComHibernate\Mercado\lib\jboss-transaction-api_1.1_spec-1.0.0.Final.jar;C:\git\TesteComHibernate\Mercado\lib\mysql-connector-java-8.0.11.jar;C:\git\TesteComHibernate\Mercado\lib\postgresql-9.2-1002.jdbc4.jar;C:\git\TesteComHibernate\Mercado\lib\log4j-1.2.17.jar
Launcher Type: SUN_STANDARD

Environment Variables:
PATH=C:/Program Files/Java/jre1.8.0_211/bin/server;C:/Program Files/Java/jre1.8.0_211/bin;C:/Program Files/Java/jre1.8.0_211/lib/amd64;C:\ProgramData\DockerDesktop\version-bin;C:\Program Files\Docker\Docker\Resources\bin;C:\python3\Scripts\;C:\python3\;C:\Program Files (x86)\Common Files\Oracle\Java\javapath;C:\Windows\system32;C:\Windows;C:\Windows\System32\Wbem;C:\Windows\System32\WindowsPowerShell\v1.0\;C:\Program Files\NVIDIA Corporation\NVIDIA NvDLISR;C:\Program Files (x86)\NVIDIA Corporation\PhysX\Common;C:\WINDOWS\system32;C:\WINDOWS;C:\WINDOWS\System32\Wbem;C:\WINDOWS\System32\WindowsPowerShell\v1.0\;C:\WINDOWS\System32\OpenSSH\;C:\Program Files\Git\cmd;C:\Users\lucas\AppData\Local\Microsoft\WindowsApps;;C:\Users\lucas\AppData\Local\Programs\Microsoft VS Code\bin;C:\Users\lucas\Desktop;
USERNAME=lucas
OS=Windows_NT
PROCESSOR_IDENTIFIER=Intel64 Family 6 Model 58 Stepping 9, GenuineIntel



---------------  S Y S T E M  ---------------

OS: Windows 10.0 , 64 bit Build 17763 (10.0.17763.475)

CPU:total 4 (initial active 4) (4 cores per cpu, 1 threads per core) family 6 model 58 stepping 9, cmov, cx8, fxsr, mmx, sse, sse2, sse3, ssse3, sse4.1, sse4.2, popcnt, avx, aes, clmul, erms, tsc, tscinvbit, tscinv

Memory: 4k page, physical 8260664k(1352028k free), swap 8260664k(5744k free)

vm_info: Java HotSpot(TM) 64-Bit Server VM (25.211-b12) for windows-amd64 JRE (1.8.0_211-b12), built on Apr  1 2019 20:53:26 by "java_re" with MS VC++ 10.0 (VS2010)

time: Mon Jun 24 18:02:29 2019
timezone: Hora oficial do Brasil
elapsed time: 0 seconds (0d 0h 0m 0s)

