#
# There is insufficient memory for the Java Runtime Environment to continue.
# Native memory allocation (malloc) failed to allocate 314416 bytes for Chunk::new
# Possible reasons:
#   The system is out of physical RAM or swap space
#   The process is running with CompressedOops enabled, and the Java Heap may be blocking the growth of the native heap
# Possible solutions:
#   Reduce memory load on the system
#   Increase physical memory or swap space
#   Check if swap backing store is full
#   Decrease Java heap size (-Xmx/-Xms)
#   Decrease number of Java threads
#   Decrease Java thread stack sizes (-Xss)
#   Set larger code cache with -XX:ReservedCodeCacheSize=
#   JVM is running with Unscaled Compressed Oops mode in which the Java heap is
#     placed in the first 4GB address space. The Java Heap base address is the
#     maximum limit for the native heap growth. Please use -XX:HeapBaseMinAddress
#     to set the Java Heap base and to place the Java Heap above 4GB virtual address.
# This output file may be truncated or incomplete.
#
#  Out of Memory Error (allocation.cpp:389), pid=3724, tid=0x0000000000001f44
#
# JRE version: Java(TM) SE Runtime Environment (8.0_211-b12) (build 1.8.0_211-b12)
# Java VM: Java HotSpot(TM) 64-Bit Server VM (25.211-b12 mixed mode windows-amd64 compressed oops)
# Failed to write core dump. Minidumps are not enabled by default on client versions of Windows
#

---------------  T H R E A D  ---------------

Current thread (0x0000000016ff2000):  JavaThread "C2 CompilerThread1" daemon [_thread_in_native, id=8004, stack(0x0000000018760000,0x0000000018860000)]

Stack: [0x0000000018760000,0x0000000018860000]
[error occurred during error reporting (printing stack bounds), id 0xc0000005]

Native frames: (J=compiled Java code, j=interpreted, Vv=VM code, C=native code)


Current CompileTask:
C2:   1729 1529   !   4       java.net.URL::<init> (543 bytes)


---------------  P R O C E S S  ---------------

Java Threads: ( => current thread )
  0x000000001932d800 JavaThread "Abandoned connection cleanup thread" daemon [_thread_blocked, id=12056, stack(0x0000000019f60000,0x000000001a060000)]
  0x000000001704e800 JavaThread "Service Thread" daemon [_thread_blocked, id=5032, stack(0x0000000018d60000,0x0000000018e60000)]
  0x0000000016ff9000 JavaThread "C1 CompilerThread2" daemon [_thread_blocked, id=9468, stack(0x0000000018860000,0x0000000018960000)]
=>0x0000000016ff2000 JavaThread "C2 CompilerThread1" daemon [_thread_in_native, id=8004, stack(0x0000000018760000,0x0000000018860000)]
  0x0000000016fef000 JavaThread "C2 CompilerThread0" daemon [_thread_in_native, id=7232, stack(0x0000000018660000,0x0000000018760000)]
  0x0000000016fec800 JavaThread "Attach Listener" daemon [_thread_blocked, id=4900, stack(0x0000000018560000,0x0000000018660000)]
  0x0000000016feb000 JavaThread "Signal Dispatcher" daemon [_thread_blocked, id=4944, stack(0x0000000018460000,0x0000000018560000)]
  0x0000000016fda800 JavaThread "Finalizer" daemon [_thread_blocked, id=11788, stack(0x0000000018250000,0x0000000018350000)]
  0x0000000016fb9000 JavaThread "Reference Handler" daemon [_thread_blocked, id=11864, stack(0x0000000018150000,0x0000000018250000)]
  0x00000000024ce000 JavaThread "main" [_thread_blocked, id=10228, stack(0x0000000002130000,0x0000000002230000)]

Other Threads:
  0x0000000016fb8000 VMThread [stack: 0x0000000018050000,0x0000000018150000] [id=2208]
  0x0000000018995800 WatcherThread [stack: 0x0000000018e60000,0x0000000018f60000] [id=10932]

VM state:at safepoint (normal execution)

VM Mutex/Monitor currently owned by a thread:  ([mutex/lock_event])
[0x00000000024cd5c0] Threads_lock - owner thread: 0x0000000016fb8000
[0x00000000024ccf40] Heap_lock - owner thread: 0x00000000024ce000

heap address: 0x0000000081e00000, size: 2018 MB, Compressed Oops mode: 32-bit
Narrow klass base: 0x0000000000000000, Narrow klass shift: 3
Compressed class space size: 1073741824 Address: 0x0000000100000000

Heap:
 PSYoungGen      total 38400K, used 1198K [0x00000000d5f80000, 0x00000000d8a00000, 0x0000000100000000)
  eden space 33280K, 0% used [0x00000000d5f80000,0x00000000d5f80000,0x00000000d8000000)
  from space 5120K, 23% used [0x00000000d8500000,0x00000000d862b958,0x00000000d8a00000)
  to   space 5120K, 0% used [0x00000000d8000000,0x00000000d8000000,0x00000000d8500000)
 ParOldGen       total 61440K, used 9059K [0x0000000081e00000, 0x0000000085a00000, 0x00000000d5f80000)
  object space 61440K, 14% used [0x0000000081e00000,0x00000000826d8e88,0x0000000085a00000)
 Metaspace       used 21805K, capacity 22078K, committed 22272K, reserved 1077248K
  class space    used 2681K, capacity 2785K, committed 2816K, reserved 1048576K

Card table byte_map: [0x0000000011890000,0x0000000011c90000] byte_map_base: 0x0000000011481000

Marking Bits: (ParMarkBitMap*) 0x0000000064e75ce0
 Begin Bits: [0x0000000012340000, 0x00000000142c8000)
 End Bits:   [0x00000000142c8000, 0x0000000016250000)

Polling page: 0x00000000001f0000

CodeCache: size=245760Kb used=5106Kb max_used=5115Kb free=240653Kb
 bounds [0x00000000024d0000, 0x00000000029e0000, 0x00000000114d0000]
 total_blobs=2009 nmethods=1530 adapters=391
 compilation: enabled

Compilation events (10 events):
Event: 1.707 Thread 0x0000000016fef000 nmethod 1525 0x00000000029cddd0 code [0x00000000029cdf20, 0x00000000029ce048]
Event: 1.707 Thread 0x0000000016ff2000 nmethod 1524 0x00000000029cd810 code [0x00000000029cd960, 0x00000000029cdbe8]
Event: 1.711 Thread 0x0000000016fef000 1528       4       java.util.jar.JarFile::maybeInstantiateVerifier (96 bytes)
Event: 1.717 Thread 0x0000000016ff2000 1529   !   4       java.net.URL::<init> (543 bytes)
Event: 1.720 Thread 0x0000000016ff9000 1530       1       org.hibernate.type.AbstractStandardBasicType::isAssociationType (2 bytes)
Event: 1.720 Thread 0x0000000016ff9000 nmethod 1530 0x00000000029cd550 code [0x00000000029cd6a0, 0x00000000029cd7b0]
Event: 1.720 Thread 0x0000000016ff9000 1531       1       org.hibernate.mapping.Property::getValue (5 bytes)
Event: 1.720 Thread 0x0000000016ff9000 nmethod 1531 0x00000000029cd290 code [0x00000000029cd3e0, 0x00000000029cd4f0]
Event: 1.720 Thread 0x0000000016ff9000 1532       1       java.lang.AbstractStringBuilder::length (5 bytes)
Event: 1.720 Thread 0x0000000016ff9000 nmethod 1532 0x00000000029ccfd0 code [0x00000000029cd120, 0x00000000029cd230]

GC Heap History (10 events):
Event: 0.171 GC heap before
{Heap before GC invocations=1 (full 0):
 PSYoungGen      total 38400K, used 5616K [0x00000000d5f80000, 0x00000000d8a00000, 0x0000000100000000)
  eden space 33280K, 16% used [0x00000000d5f80000,0x00000000d64fc3d0,0x00000000d8000000)
  from space 5120K, 0% used [0x00000000d8500000,0x00000000d8500000,0x00000000d8a00000)
  to   space 5120K, 0% used [0x00000000d8000000,0x00000000d8000000,0x00000000d8500000)
 ParOldGen       total 87552K, used 0K [0x0000000081e00000, 0x0000000087380000, 0x00000000d5f80000)
  object space 87552K, 0% used [0x0000000081e00000,0x0000000081e00000,0x0000000087380000)
 Metaspace       used 4310K, capacity 5560K, committed 5632K, reserved 1062912K
  class space    used 448K, capacity 488K, committed 512K, reserved 1048576K
Event: 0.172 GC heap after
Heap after GC invocations=1 (full 0):
 PSYoungGen      total 38400K, used 1133K [0x00000000d5f80000, 0x00000000d8a00000, 0x0000000100000000)
  eden space 33280K, 0% used [0x00000000d5f80000,0x00000000d5f80000,0x00000000d8000000)
  from space 5120K, 22% used [0x00000000d8000000,0x00000000d811b758,0x00000000d8500000)
  to   space 5120K, 0% used [0x00000000d8500000,0x00000000d8500000,0x00000000d8a00000)
 ParOldGen       total 87552K, used 8K [0x0000000081e00000, 0x0000000087380000, 0x00000000d5f80000)
  object space 87552K, 0% used [0x0000000081e00000,0x0000000081e02000,0x0000000087380000)
 Metaspace       used 4310K, capacity 5560K, committed 5632K, reserved 1062912K
  class space    used 448K, capacity 488K, committed 512K, reserved 1048576K
}
Event: 0.172 GC heap before
{Heap before GC invocations=2 (full 1):
 PSYoungGen      total 38400K, used 1133K [0x00000000d5f80000, 0x00000000d8a00000, 0x0000000100000000)
  eden space 33280K, 0% used [0x00000000d5f80000,0x00000000d5f80000,0x00000000d8000000)
  from space 5120K, 22% used [0x00000000d8000000,0x00000000d811b758,0x00000000d8500000)
  to   space 5120K, 0% used [0x00000000d8500000,0x00000000d8500000,0x00000000d8a00000)
 ParOldGen       total 87552K, used 8K [0x0000000081e00000, 0x0000000087380000, 0x00000000d5f80000)
  object space 87552K, 0% used [0x0000000081e00000,0x0000000081e02000,0x0000000087380000)
 Metaspace       used 4310K, capacity 5560K, committed 5632K, reserved 1062912K
  class space    used 448K, capacity 488K, committed 512K, reserved 1048576K
Event: 0.177 GC heap after
Heap after GC invocations=2 (full 1):
 PSYoungGen      total 38400K, used 0K [0x00000000d5f80000, 0x00000000d8a00000, 0x0000000100000000)
  eden space 33280K, 0% used [0x00000000d5f80000,0x00000000d5f80000,0x00000000d8000000)
  from space 5120K, 0% used [0x00000000d8000000,0x00000000d8000000,0x00000000d8500000)
  to   space 5120K, 0% used [0x00000000d8500000,0x00000000d8500000,0x00000000d8a00000)
 ParOldGen       total 61440K, used 1041K [0x0000000081e00000, 0x0000000085a00000, 0x00000000d5f80000)
  object space 61440K, 1% used [0x0000000081e00000,0x0000000081f04670,0x0000000085a00000)
 Metaspace       used 4310K, capacity 5560K, committed 5632K, reserved 1060864K
  class space    used 448K, capacity 488K, committed 512K, reserved 1048576K
}
Event: 0.798 GC heap before
{Heap before GC invocations=3 (full 1):
 PSYoungGen      total 38400K, used 33280K [0x00000000d5f80000, 0x00000000d8a00000, 0x0000000100000000)
  eden space 33280K, 100% used [0x00000000d5f80000,0x00000000d8000000,0x00000000d8000000)
  from space 5120K, 0% used [0x00000000d8000000,0x00000000d8000000,0x00000000d8500000)
  to   space 5120K, 0% used [0x00000000d8500000,0x00000000d8500000,0x00000000d8a00000)
 ParOldGen       total 61440K, used 1041K [0x0000000081e00000, 0x0000000085a00000, 0x00000000d5f80000)
  object space 61440K, 1% used [0x0000000081e00000,0x0000000081f04670,0x0000000085a00000)
 Metaspace       used 17070K, capacity 17298K, committed 17664K, reserved 1069056K
  class space    used 2077K, capacity 2201K, committed 2304K, reserved 1048576K
Event: 0.805 GC heap after
Heap after GC invocations=3 (full 1):
 PSYoungGen      total 38400K, used 5113K [0x00000000d5f80000, 0x00000000d8a00000, 0x0000000100000000)
  eden space 33280K, 0% used [0x00000000d5f80000,0x00000000d5f80000,0x00000000d8000000)
  from space 5120K, 99% used [0x00000000d8500000,0x00000000d89fe618,0x00000000d8a00000)
  to   space 5120K, 0% used [0x00000000d8000000,0x00000000d8000000,0x00000000d8500000)
 ParOldGen       total 61440K, used 4525K [0x0000000081e00000, 0x0000000085a00000, 0x00000000d5f80000)
  object space 61440K, 7% used [0x0000000081e00000,0x000000008226b788,0x0000000085a00000)
 Metaspace       used 17070K, capacity 17298K, committed 17664K, reserved 1069056K
  class space    used 2077K, capacity 2201K, committed 2304K, reserved 1048576K
}
Event: 1.590 GC heap before
{Heap before GC invocations=4 (full 1):
 PSYoungGen      total 38400K, used 28019K [0x00000000d5f80000, 0x00000000d8a00000, 0x0000000100000000)
  eden space 33280K, 68% used [0x00000000d5f80000,0x00000000d75de9d8,0x00000000d8000000)
  from space 5120K, 99% used [0x00000000d8500000,0x00000000d89fe618,0x00000000d8a00000)
  to   space 5120K, 0% used [0x00000000d8000000,0x00000000d8000000,0x00000000d8500000)
 ParOldGen       total 61440K, used 4525K [0x0000000081e00000, 0x0000000085a00000, 0x00000000d5f80000)
  object space 61440K, 7% used [0x0000000081e00000,0x000000008226b788,0x0000000085a00000)
 Metaspace       used 20824K, capacity 21112K, committed 21296K, reserved 1073152K
  class space    used 2552K, capacity 2656K, committed 2688K, reserved 1048576K
Event: 1.597 GC heap after
Heap after GC invocations=4 (full 1):
 PSYoungGen      total 38400K, used 5088K [0x00000000d5f80000, 0x00000000d8a00000, 0x0000000100000000)
  eden space 33280K, 0% used [0x00000000d5f80000,0x00000000d5f80000,0x00000000d8000000)
  from space 5120K, 99% used [0x00000000d8000000,0x00000000d84f8360,0x00000000d8500000)
  to   space 5120K, 0% used [0x00000000d8500000,0x00000000d8500000,0x00000000d8a00000)
 ParOldGen       total 61440K, used 8103K [0x0000000081e00000, 0x0000000085a00000, 0x00000000d5f80000)
  object space 61440K, 13% used [0x0000000081e00000,0x00000000825e9d88,0x0000000085a00000)
 Metaspace       used 20824K, capacity 21112K, committed 21296K, reserved 1073152K
  class space    used 2552K, capacity 2656K, committed 2688K, reserved 1048576K
}
Event: 1.597 GC heap before
{Heap before GC invocations=5 (full 2):
 PSYoungGen      total 38400K, used 5088K [0x00000000d5f80000, 0x00000000d8a00000, 0x0000000100000000)
  eden space 33280K, 0% used [0x00000000d5f80000,0x00000000d5f80000,0x00000000d8000000)
  from space 5120K, 99% used [0x00000000d8000000,0x00000000d84f8360,0x00000000d8500000)
  to   space 5120K, 0% used [0x00000000d8500000,0x00000000d8500000,0x00000000d8a00000)
 ParOldGen       total 61440K, used 8103K [0x0000000081e00000, 0x0000000085a00000, 0x00000000d5f80000)
  object space 61440K, 13% used [0x0000000081e00000,0x00000000825e9d88,0x0000000085a00000)
 Metaspace       used 20824K, capacity 21112K, committed 21296K, reserved 1073152K
  class space    used 2552K, capacity 2656K, committed 2688K, reserved 1048576K
Event: 1.617 GC heap after
Heap after GC invocations=5 (full 2):
 PSYoungGen      total 38400K, used 0K [0x00000000d5f80000, 0x00000000d8a00000, 0x0000000100000000)
  eden space 33280K, 0% used [0x00000000d5f80000,0x00000000d5f80000,0x00000000d8000000)
  from space 5120K, 0% used [0x00000000d8000000,0x00000000d8000000,0x00000000d8500000)
  to   space 5120K, 0% used [0x00000000d8500000,0x00000000d8500000,0x00000000d8a00000)
 ParOldGen       total 61440K, used 9051K [0x0000000081e00000, 0x0000000085a00000, 0x00000000d5f80000)
  object space 61440K, 14% used [0x0000000081e00000,0x00000000826d6e88,0x0000000085a00000)
 Metaspace       used 20824K, capacity 21112K, committed 21296K, reserved 1073152K
  class space    used 2552K, capacity 2656K, committed 2688K, reserved 1048576K
}

Deoptimization events (10 events):
Event: 1.065 Thread 0x00000000024ce000 Uncommon trap: reason=unstable_if action=reinterpret pc=0x0000000002752b08 method=java.io.WinNTFileSystem.normalize(Ljava/lang/String;)Ljava/lang/String; @ 128
Event: 1.069 Thread 0x00000000024ce000 Uncommon trap: reason=class_check action=maybe_recompile pc=0x0000000002883c24 method=java.util.regex.Pattern$BmpCharProperty.match(Ljava/util/regex/Matcher;ILjava/lang/CharSequence;)Z @ 31
Event: 1.070 Thread 0x00000000024ce000 Uncommon trap: reason=unstable_if action=reinterpret pc=0x0000000002883bc0 method=java.util.regex.Pattern$BmpCharProperty.match(Ljava/util/regex/Matcher;ILjava/lang/CharSequence;)Z @ 5
Event: 1.091 Thread 0x00000000024ce000 Uncommon trap: reason=class_check action=maybe_recompile pc=0x00000000027d1170 method=java.util.Properties$LineReader.readLine()I @ 410
Event: 1.361 Thread 0x00000000024ce000 Uncommon trap: reason=unstable_if action=reinterpret pc=0x00000000028ed6e4 method=java.util.jar.Manifest$FastInputStream.readLine([BII)I @ 87
Event: 1.449 Thread 0x00000000024ce000 Uncommon trap: reason=unstable_if action=reinterpret pc=0x00000000028b21e0 method=java.util.Arrays.equals([B[B)Z @ 2
Event: 1.584 Thread 0x00000000024ce000 Uncommon trap: reason=unstable_if action=reinterpret pc=0x0000000002819b90 method=java.util.HashMap.putVal(ILjava/lang/Object;Ljava/lang/Object;ZZ)Ljava/lang/Object; @ 162
Event: 1.584 Thread 0x00000000024ce000 Uncommon trap: reason=unstable_if action=reinterpret pc=0x00000000027c5c60 method=java.util.HashMap.getNode(ILjava/lang/Object;)Ljava/util/HashMap$Node; @ 84
Event: 1.585 Thread 0x00000000024ce000 Uncommon trap: reason=unstable_if action=reinterpret pc=0x00000000027bded4 method=java.util.HashMap.getNode(ILjava/lang/Object;)Ljava/util/HashMap$Node; @ 84
Event: 1.625 Thread 0x00000000024ce000 Uncommon trap: reason=unstable_if action=reinterpret pc=0x000000000290baf4 method=java.util.HashMap.resize()[Ljava/util/HashMap$Node; @ 206

Classes redefined (0 events):
No events

Internal exceptions (9 events):
Event: 0.027 Thread 0x00000000024ce000 Exception <a 'java/lang/NoSuchMethodError': Method sun.misc.Unsafe.defineClass(Ljava/lang/String;[BII)Ljava/lang/Class; name or signature does not match> (0x00000000d5f87cb0) thrown at [C:\re\workspace\8-2-build-windows-amd64-cygwin\jdk8u211\12973\hotspot
Event: 0.027 Thread 0x00000000024ce000 Exception <a 'java/lang/NoSuchMethodError': Method sun.misc.Unsafe.prefetchRead(Ljava/lang/Object;J)V name or signature does not match> (0x00000000d5f87f98) thrown at [C:\re\workspace\8-2-build-windows-amd64-cygwin\jdk8u211\12973\hotspot\src\share\vm\prim
Event: 0.092 Thread 0x00000000024ce000 Exception <a 'java/security/PrivilegedActionException'> (0x00000000d60ea240) thrown at [C:\re\workspace\8-2-build-windows-amd64-cygwin\jdk8u211\12973\hotspot\src\share\vm\prims\jvm.cpp, line 1502]
Event: 0.092 Thread 0x00000000024ce000 Exception <a 'java/security/PrivilegedActionException'> (0x00000000d60ea450) thrown at [C:\re\workspace\8-2-build-windows-amd64-cygwin\jdk8u211\12973\hotspot\src\share\vm\prims\jvm.cpp, line 1502]
Event: 0.093 Thread 0x00000000024ce000 Exception <a 'java/security/PrivilegedActionException'> (0x00000000d60ee0c0) thrown at [C:\re\workspace\8-2-build-windows-amd64-cygwin\jdk8u211\12973\hotspot\src\share\vm\prims\jvm.cpp, line 1502]
Event: 0.093 Thread 0x00000000024ce000 Exception <a 'java/security/PrivilegedActionException'> (0x00000000d60ee2d0) thrown at [C:\re\workspace\8-2-build-windows-amd64-cygwin\jdk8u211\12973\hotspot\src\share\vm\prims\jvm.cpp, line 1502]
Event: 0.384 Thread 0x00000000024ce000 Exception <a 'java/lang/NoSuchFieldError': method resolution failed> (0x00000000d6809078) thrown at [C:\re\workspace\8-2-build-windows-amd64-cygwin\jdk8u211\12973\hotspot\src\share\vm\prims\methodHandles.cpp, line 1167]
Event: 0.386 Thread 0x00000000024ce000 Exception <a 'java/lang/NoSuchFieldError': method resolution failed> (0x00000000d6816768) thrown at [C:\re\workspace\8-2-build-windows-amd64-cygwin\jdk8u211\12973\hotspot\src\share\vm\prims\methodHandles.cpp, line 1167]
Event: 0.473 Thread 0x00000000024ce000 Exception <a 'java/lang/ArrayIndexOutOfBoundsException'> (0x00000000d6d9ee18) thrown at [C:\re\workspace\8-2-build-windows-amd64-cygwin\jdk8u211\12973\hotspot\src\share\vm\runtime\sharedRuntime.cpp, line 605]

Events (10 events):
Event: 1.725 loading class org/hibernate/ejb/EntityManagerImpl
Event: 1.725 loading class org/hibernate/ejb/EntityManagerImpl done
Event: 1.725 loading class org/hibernate/engine/spi/SessionOwner
Event: 1.726 loading class org/hibernate/engine/spi/SessionOwner done
Event: 1.726 loading class org/hibernate/ejb/AbstractEntityManagerImpl
Event: 1.726 loading class org/hibernate/ejb/AbstractEntityManagerImpl done
Event: 1.726 loading class org/hibernate/ejb/HibernateEntityManagerImplementor
Event: 1.726 loading class org/hibernate/ejb/HibernateEntityManagerImplementor done
Event: 1.727 loading class org/hibernate/ejb/HibernateEntityManager
Event: 1.727 loading class org/hibernate/ejb/HibernateEntityManager done


Dynamic libraries:
0x00007ff74c050000 - 0x00007ff74c087000 	C:\Program Files\Java\jre1.8.0_211\bin\javaw.exe
0x00007fff74b90000 - 0x00007fff74d7d000 	C:\WINDOWS\SYSTEM32\ntdll.dll
0x00007fff72e50000 - 0x00007fff72f03000 	C:\WINDOWS\System32\KERNEL32.DLL
0x00007fff71080000 - 0x00007fff71313000 	C:\WINDOWS\System32\KERNELBASE.dll
0x00007fff74ab0000 - 0x00007fff74b53000 	C:\WINDOWS\System32\ADVAPI32.dll
0x00007fff71e40000 - 0x00007fff71ede000 	C:\WINDOWS\System32\msvcrt.dll
0x00007fff721a0000 - 0x00007fff7223e000 	C:\WINDOWS\System32\sechost.dll
0x00007fff72f10000 - 0x00007fff73032000 	C:\WINDOWS\System32\RPCRT4.dll
0x00007fff74910000 - 0x00007fff74aa7000 	C:\WINDOWS\System32\USER32.dll
0x00007fff71420000 - 0x00007fff71440000 	C:\WINDOWS\System32\win32u.dll
0x00007fff72cb0000 - 0x00007fff72cd9000 	C:\WINDOWS\System32\GDI32.dll
0x00007fff714f0000 - 0x00007fff7168a000 	C:\WINDOWS\System32\gdi32full.dll
0x00007fff70fe0000 - 0x00007fff71080000 	C:\WINDOWS\System32\msvcp_win.dll
0x00007fff71320000 - 0x00007fff7141a000 	C:\WINDOWS\System32\ucrtbase.dll
0x00007fff66a30000 - 0x00007fff66ca9000 	C:\WINDOWS\WinSxS\amd64_microsoft.windows.common-controls_6595b64144ccf1df_6.0.17763.557_none_05b63f68071e5b9f\COMCTL32.dll
0x00007fff74530000 - 0x00007fff7485c000 	C:\WINDOWS\System32\combase.dll
0x00007fff70f60000 - 0x00007fff70fde000 	C:\WINDOWS\System32\bcryptPrimitives.dll
0x00007fff72cf0000 - 0x00007fff72d1e000 	C:\WINDOWS\System32\IMM32.DLL
0x0000000064470000 - 0x0000000064542000 	C:\Program Files\Java\jre1.8.0_211\bin\msvcr100.dll
0x0000000064650000 - 0x0000000064ef5000 	C:\Program Files\Java\jre1.8.0_211\bin\server\jvm.dll
0x00007fff72ce0000 - 0x00007fff72ce8000 	C:\WINDOWS\System32\PSAPI.DLL
0x00007fff6d810000 - 0x00007fff6d819000 	C:\WINDOWS\SYSTEM32\WSOCK32.dll
0x00007fff6e670000 - 0x00007fff6e694000 	C:\WINDOWS\SYSTEM32\WINMM.dll
0x00007fff6ba20000 - 0x00007fff6ba2a000 	C:\WINDOWS\SYSTEM32\VERSION.dll
0x00007fff72c40000 - 0x00007fff72cad000 	C:\WINDOWS\System32\WS2_32.dll
0x00007fff6e070000 - 0x00007fff6e09d000 	C:\WINDOWS\SYSTEM32\winmmbase.dll
0x00007fff70f10000 - 0x00007fff70f5a000 	C:\WINDOWS\System32\cfgmgr32.dll
0x00007fff68170000 - 0x00007fff6817f000 	C:\Program Files\Java\jre1.8.0_211\bin\verify.dll
0x00007fff57810000 - 0x00007fff57839000 	C:\Program Files\Java\jre1.8.0_211\bin\java.dll
0x00007fff55830000 - 0x00007fff55846000 	C:\Program Files\Java\jre1.8.0_211\bin\zip.dll
0x00007fff73040000 - 0x00007fff74530000 	C:\WINDOWS\System32\SHELL32.dll
0x00007fff74860000 - 0x00007fff74908000 	C:\WINDOWS\System32\shcore.dll
0x00007fff716f0000 - 0x00007fff71e3a000 	C:\WINDOWS\System32\windows.storage.dll
0x00007fff70c90000 - 0x00007fff70cb4000 	C:\WINDOWS\System32\profapi.dll
0x00007fff70c10000 - 0x00007fff70c6d000 	C:\WINDOWS\System32\powrprof.dll
0x00007fff72390000 - 0x00007fff723e2000 	C:\WINDOWS\System32\shlwapi.dll
0x00007fff70c70000 - 0x00007fff70c81000 	C:\WINDOWS\System32\kernel.appcore.dll
0x00007fff70ef0000 - 0x00007fff70f07000 	C:\WINDOWS\System32\cryptsp.dll
0x00007fff556d0000 - 0x00007fff556ea000 	C:\Program Files\Java\jre1.8.0_211\bin\net.dll
0x00007fff654e0000 - 0x00007fff656b7000 	C:\WINDOWS\SYSTEM32\urlmon.dll
0x00007fff65230000 - 0x00007fff654d8000 	C:\WINDOWS\SYSTEM32\iertutil.dll
0x00007fff70560000 - 0x00007fff7056c000 	C:\WINDOWS\SYSTEM32\CRYPTBASE.DLL
0x00007fff703e0000 - 0x00007fff70447000 	C:\WINDOWS\system32\mswsock.dll
0x00007fff70190000 - 0x00007fff70256000 	C:\WINDOWS\SYSTEM32\DNSAPI.dll
0x00007fff71f90000 - 0x00007fff71f98000 	C:\WINDOWS\System32\NSI.dll
0x00007fff70150000 - 0x00007fff7018d000 	C:\WINDOWS\SYSTEM32\IPHLPAPI.DLL
0x00007fff6acd0000 - 0x00007fff6acda000 	C:\Windows\System32\rasadhlp.dll
0x00007fff6a900000 - 0x00007fff6a979000 	C:\WINDOWS\System32\fwpuclnt.dll
0x00007fff70ec0000 - 0x00007fff70ee6000 	C:\WINDOWS\System32\bcrypt.dll
0x00007fff57860000 - 0x00007fff57884000 	C:\Program Files\Java\jre1.8.0_211\bin\sunec.dll
0x00007fff6aff0000 - 0x00007fff6b006000 	C:\WINDOWS\SYSTEM32\dhcpcsvc6.DLL
0x00007fff6afd0000 - 0x00007fff6afec000 	C:\WINDOWS\SYSTEM32\dhcpcsvc.DLL
0x00007fff556b0000 - 0x00007fff556c2000 	C:\Program Files\Java\jre1.8.0_211\bin\nio.dll
0x00007fff6ffb0000 - 0x00007fff6ffe3000 	C:\WINDOWS\system32\rsaenh.dll
0x00007fff70b10000 - 0x00007fff70b38000 	C:\WINDOWS\SYSTEM32\USERENV.dll
0x00007fff6e870000 - 0x00007fff6e87b000 	C:\Program Files\Java\jre1.8.0_211\bin\sunmscapi.dll
0x00007fff70ce0000 - 0x00007fff70ebb000 	C:\WINDOWS\System32\CRYPT32.dll
0x00007fff70cc0000 - 0x00007fff70cd2000 	C:\WINDOWS\System32\MSASN1.dll

VM Arguments:
jvm_args: -Dfile.encoding=Cp1252 
java_command: com.majority.executaveis.Index
java_class_path (initial): C:\git\TesteComHibernate\Mercado\bin;C:\git\TesteComHibernate\Mercado\lib\antlr-2.7.7.jar;C:\git\TesteComHibernate\Mercado\lib\dom4j-1.6.1.jar;C:\git\TesteComHibernate\Mercado\lib\hibernate-commons-annotations-4.0.1.Final.jar;C:\git\TesteComHibernate\Mercado\lib\hibernate-core-4.1.9.Final.jar;C:\git\TesteComHibernate\Mercado\lib\hibernate-entitymanager-4.1.9.Final.jar;C:\git\TesteComHibernate\Mercado\lib\hibernate-jpa-2.0-api-1.0.1.Final.jar;C:\git\TesteComHibernate\Mercado\lib\hsqldb.jar;C:\git\TesteComHibernate\Mercado\lib\javassist-3.17.1-GA.jar;C:\git\TesteComHibernate\Mercado\lib\jboss-logging-3.1.0.GA.jar;C:\git\TesteComHibernate\Mercado\lib\jboss-transaction-api_1.1_spec-1.0.0.Final.jar;C:\git\TesteComHibernate\Mercado\lib\mysql-connector-java-8.0.11.jar;C:\git\TesteComHibernate\Mercado\lib\postgresql-9.2-1002.jdbc4.jar;C:\git\TesteComHibernate\Mercado\lib\log4j-1.2.17.jar
Launcher Type: SUN_STANDARD

Environment Variables:
PATH=C:/Program Files/Java/jre1.8.0_211/bin/server;C:/Program Files/Java/jre1.8.0_211/bin;C:/Program Files/Java/jre1.8.0_211/lib/amd64;C:\ProgramData\DockerDesktop\version-bin;C:\Program Files\Docker\Docker\Resources\bin;C:\python3\Scripts\;C:\python3\;C:\Program Files (x86)\Common Files\Oracle\Java\javapath;C:\Windows\system32;C:\Windows;C:\Windows\System32\Wbem;C:\Windows\System32\WindowsPowerShell\v1.0\;C:\Program Files\NVIDIA Corporation\NVIDIA NvDLISR;C:\Program Files (x86)\NVIDIA Corporation\PhysX\Common;C:\WINDOWS\system32;C:\WINDOWS;C:\WINDOWS\System32\Wbem;C:\WINDOWS\System32\WindowsPowerShell\v1.0\;C:\WINDOWS\System32\OpenSSH\;C:\Program Files\Git\cmd;C:\Users\lucas\AppData\Local\Microsoft\WindowsApps;;C:\Users\lucas\AppData\Local\Programs\Microsoft VS Code\bin;C:\Users\lucas\Desktop;
USERNAME=lucas
OS=Windows_NT
PROCESSOR_IDENTIFIER=Intel64 Family 6 Model 58 Stepping 9, GenuineIntel



---------------  S Y S T E M  ---------------

OS: Windows 10.0 , 64 bit Build 17763 (10.0.17763.475)

CPU:total 4 (initial active 4) (4 cores per cpu, 1 threads per core) family 6 model 58 stepping 9, cmov, cx8, fxsr, mmx, sse, sse2, sse3, ssse3, sse4.1, sse4.2, popcnt, avx, aes, clmul, erms, tsc, tscinvbit, tscinv

Memory: 4k page, physical 8260664k(1285868k free), swap 8260664k(5168k free)

vm_info: Java HotSpot(TM) 64-Bit Server VM (25.211-b12) for windows-amd64 JRE (1.8.0_211-b12), built on Apr  1 2019 20:53:26 by "java_re" with MS VC++ 10.0 (VS2010)

time: Mon Jun 24 18:01:47 2019
timezone: Hora oficial do Brasil
elapsed time: 1 seconds (0d 0h 0m 1s)

